<?xml version="1.0" encoding="UTF-8"?>
<testsuite name="AbstractFactoryTest" tests="1" skipped="0" failures="0" errors="0" timestamp="2021-02-22T15:36:17" hostname="DESKTOP-PI64JGV" time="0.082">
  <properties/>
  <testcase name="run" classname="AbstractFactoryTest" time="0.082"/>
  <system-out><![CDATA[Sit on art dec?
Lie on modern
]]></system-out>
  <system-err><![CDATA[]]></system-err>
</testsuite>
